**********************
nStart der Windows PowerShell-Aufzeichnung
Startzeit: 20260225125206
Benutzername: AUSBILDUNG\pruefling_ihk_35
RunAs-Benutzer: AUSBILDUNG\pruefling_ihk_35
Konfigurationsname: 
Computer: WKS-7552 (Microsoft Windows NT 10.0.26100.0)
Hostanwendung: powershell -NoProfile -ExecutionPolicy Bypass -File D:\AP1-Konfigurator\AP1-Konfigurator.ps1 -Proxy On -ProxyServer 192.168.0.1:8080 -ProxyBypass *.office365.com; *.cloudappsecurity.com; *.onmicrosoft.com; *.office.net; *.office.com; *.microsoft.com; *.microsoftonline.com; *.live.com; *.azure.net; *.gfx.ms; *.onestore.ms; *.msecnd.net; *.outlookgroups.ms; *.linkedin.com; *.msocdn.com; *.live.net; ihk-aka.de
Prozess-ID: 9240
PSVersion: 5.1.26100.7705
PSEdition: Desktop
PSCompatibleVersions: 1.0, 2.0, 3.0, 4.0, 5.0, 5.1.26100.7705
BuildVersion: 10.0.26100.7705
CLRVersion: 4.0.30319.42000
WSManStackVersion: 3.0
PSRemotingProtocolVersion: 2.3
SerializationVersion: 1.1.0.1
**********************
D:\AP1-Konfigurator\4. Logs\AP1_Prep_20260225_125206.log
Registry-only-Modus wurde erzwungen.
Suche und lade neueste Nuera/Nuera...
Pruefe und lade: https://www.ihk-aka.de/fileadmin/AkA/Download/Nuera/nuera2026_f.zip
ZIP mit Explorer extrahiert: D:\AP1-Konfigurator\3. Nuera-Dateien\nuera2026_f.zip
Nuera-Dateien erfolgreich in 'D:\AP1-Konfigurator\3. Nuera-Dateien' extrahiert
Kopiere Nuera-Ordner auf Desktop...
Ziel-Desktop-Pfad: C:\Users\pruefling_ihk_35\Desktop\nuera2026_f
Auf Desktop kopiert: C:\Users\pruefling_ihk_35\Desktop\nuera2026_f
Nuera-Ordner erfolgreich auf Desktop kopiert: C:\Users\pruefling_ihk_35\Desktop\nuera2026_f
Initialisiere Office...
Initialisiere Word/Excel (robust)...
Setze Office/Windows-Optionen...
Setze Office-/Windows-Optionen (HKCU)...
  Registry HKCU:\Software\Microsoft\Office\16.0\Word\Options - ShowAllFormatting = 1 (DWord)
  Registry HKCU:\Software\Microsoft\Office\16.0\Word\Options - VisiDrawTableDrs = 1 (DWord)
  Registry HKCU:\Software\Microsoft\Office\16.0\Word\Options - DisableBackstageOpenKeyShortcuts = 1 (DWord)
  Registry HKCU:\Software\Microsoft\Office\16.0\Word\Options - DisableBootToOfficeStart = 1 (DWord)
  Registry HKCU:\Software\Microsoft\Office\16.0\Word\Options - DeveloperTools = 1 (DWord)
  Registry HKCU:\Software\Microsoft\Office\16.0\Word\Options - Ruler = 1 (DWord)
  Registry HKCU:\Software\Microsoft\Office\16.0\Excel\Options - DeveloperTools = 1 (DWord)
  Registry HKCU:\Software\Microsoft\Office\16.0\Excel\Options - DisableBootToOfficeStart = 1 (DWord)
  Registry HKCU:\Software\Microsoft\Windows\CurrentVersion\Explorer\Advanced - HideFileExt = 0 (DWord)
Setze Standard-Speicherpfade auf Desktop...
Setze Standard-Speicherpfade: C:\Users\pruefling_ihk_35\Desktop
  Registry HKCU:\Software\Microsoft\Office\16.0\Word\Options - DOC-PATH = C:\Users\pruefling_ihk_35\Desktop (String)
  Registry HKCU:\Software\Microsoft\Office\16.0\Excel\Options - DefaultPath = C:\Users\pruefling_ihk_35\Desktop (String)
Uebernehme Autokorrektur-Einstellungen...
Setze Word Autokorrektur (HKCU)...
  Registry HKCU:\Software\Microsoft\Office\\Word\Options - PasteFormattingTwoDocumentsNoStyles = 1 (DWord)
  Registry HKCU:\Software\Microsoft\Office\\Word\Options - CorrectSentenceCaps = 1 (DWord)
  Registry HKCU:\Software\Microsoft\Office\\Word\Options - AutoFormatAsYouTypeApplyBulletedLists = 0 (DWord)
  Registry HKCU:\Software\Microsoft\Office\\Word\Options - CorrectInitialCaps = 0 (DWord)
  Registry HKCU:\Software\Microsoft\Office\\Word\Options - AutoFormatAsYouTypeReplaceHyperlinks = 0 (DWord)
  Registry HKCU:\Software\Microsoft\Office\\Word\Options - PasteFormattingOtherApp = 2 (DWord)
  Registry HKCU:\Software\Microsoft\Office\\Word\Options - AutoFormatAsYouTypeReplaceSymbols = 1 (DWord)
  Registry HKCU:\Software\Microsoft\Office\\Word\Options - AutoFormatAsYouTypeReplaceQuotes = 1 (DWord)
  Registry HKCU:\Software\Microsoft\Office\\Word\Options - AutoFormatAsYouTypeApplyNumberedLists = 0 (DWord)
Setze Excel Autokorrektur (HKCU)...
  Registry HKCU:\Software\Microsoft\Office\16.0\Excel\Options - CorrectSentenceCap = 0 (DWord)
Uebernehme Schnellzugriff-Symbolleisten...
Schnellzugriff uebernommen: Excel.officeUI
Schnellzugriff uebernommen: Word.officeUI
Kopiere Vorlagen (Normal.dotm und Mappe.xltx) mit Backup...
Normal.dotm kopiert.
Mappe.xltx kopiert.
Erzeuge Kandidaten-Ordner aus Excel (COM)...
Erzeuge Ordnerstruktur aus Excel (max. 19 Zeilen)...
Ordner fuer Pruefungskandidaten wurden angelegt.
Lege Kandidaten-Ordner auf Desktop des aktuellen Nutzers...
Kandidaten-Ordner auf Desktop bereitgestellt: C:\Users\pruefling_ihk_35\Desktop\Pyka, 161 50819
Raeume temporaeren Ordner auf...
Taskbar-Einstellungen uebernehmen...
Setze Taskbar: Alignment=Left, Search=Icon
  Registry HKCU:\Software\Microsoft\Windows\CurrentVersion\Explorer\Advanced - TaskbarAl = 0 (DWord)
  Registry HKCU:\Software\Microsoft\Windows\CurrentVersion\Search - SearchboxTaskbarMode = 1 (DWord)
Proxy konfigurieren (falls angegeben)...
Setze Proxy: On
  Registry HKCU:\Software\Microsoft\Windows\CurrentVersion\Internet Settings - ProxyEnable = 1 (DWord)
  Registry HKCU:\Software\Microsoft\Windows\CurrentVersion\Internet Settings - AutoDetect = 0 (DWord)
  Registry HKCU:\Software\Microsoft\Windows\CurrentVersion\Internet Settings - ProxyOverride = *.office365.com; *.cloudappsecurity.com; *.onmicrosoft.com; *.office.net; *.office.com; *.microsoft.com; *.microsoftonline.com; *.live.com; *.azure.net; *.gfx.ms; *.onestore.ms; *.msecnd.net; *.outlookgroups.ms; *.linkedin.com; *.msocdn.com; *.live.net; ihk-aka.de (String)
  Registry HKCU:\Software\Microsoft\Windows\CurrentVersion\Internet Settings - ProxyServer = 192.168.0.1:8080 (String)
**********************
Ende der Windows PowerShell-Aufzeichnung
Endzeit: 20260225125222
**********************
