**********************
nStart der Windows PowerShell-Aufzeichnung
Startzeit: 20260225115419
Benutzername: AUSBILDUNG\pruefling_ihk_39
RunAs-Benutzer: AUSBILDUNG\pruefling_ihk_39
Konfigurationsname: 
Computer: WKS-7485 (Microsoft Windows NT 10.0.26100.0)
Hostanwendung: powershell -NoProfile -ExecutionPolicy Bypass -File D:\AP1-Konfigurator\AP1-Konfigurator.ps1 -Proxy On -ProxyServer 192.168.0.1:8080 -ProxyBypass *.office365.com; *.cloudappsecurity.com; *.onmicrosoft.com; *.office.net; *.office.com; *.microsoft.com; *.microsoftonline.com; *.live.com; *.azure.net; *.gfx.ms; *.onestore.ms; *.msecnd.net; *.outlookgroups.ms; *.linkedin.com; *.msocdn.com; *.live.net; ihk-aka.de
Prozess-ID: 3556
PSVersion: 5.1.26100.7705
PSEdition: Desktop
PSCompatibleVersions: 1.0, 2.0, 3.0, 4.0, 5.0, 5.1.26100.7705
BuildVersion: 10.0.26100.7705
CLRVersion: 4.0.30319.42000
WSManStackVersion: 3.0
PSRemotingProtocolVersion: 2.3
SerializationVersion: 1.1.0.1
**********************
D:\AP1-Konfigurator\4. Logs\AP1_Prep_20260225_115419.log
Registry-only-Modus wurde erzwungen.
Suche und lade neueste Nuera/Nuera...
PS>TerminatingError(Invoke-WebRequest): "Die Verbindung mit dem Remoteserver kann nicht hergestellt werden."
Pruefe und lade: https://www.ihk-aka.de/fileadmin/AkA/Download/Nuera/nuera2026_f.zip
